<?xml version="1.0" encoding="UTF-8"?>
<testsuite name="com.example.todo_server.TodoServerApplicationTests" tests="1" skipped="0" failures="0" errors="0" timestamp="2026-03-10T01:44:22.884Z" hostname="김민우" time="6.055">
  <properties/>
  <testcase name="contextLoads()" classname="com.example.todo_server.TodoServerApplicationTests" time="0.39"/>
  <system-out><![CDATA[10:44:23.155 [Test worker] INFO org.springframework.test.context.support.AnnotationConfigContextLoaderUtils -- Could not detect default configuration classes for test class [com.example.todo_server.TodoServerApplicationTests]: TodoServerApplicationTests does not declare any static, non-private, non-final, nested classes annotated with @Configuration.
10:44:23.305 [Test worker] INFO org.springframework.boot.test.context.SpringBootTestContextBootstrapper -- Found @SpringBootConfiguration com.example.todo_server.TodoServerApplication for test class com.example.todo_server.TodoServerApplicationTests

  .   ____          _            __ _ _
 /\\ / ___'_ __ _ _(_)_ __  __ _ \ \ \ \
( ( )\___ | '_ | '_| | '_ \/ _` | \ \ \ \
 \\/  ___)| |_)| | | | | || (_| |  ) ) ) )
  '  |____| .__|_| |_|_| |_\__, | / / / /
 =========|_|==============|___/=/_/_/_/

 :: Spring Boot ::                (v4.0.3)

2026-03-10T10:44:23.793+09:00  INFO 2768 --- [todo-server] [    Test worker] c.e.t.TodoServerApplicationTests         : Starting TodoServerApplicationTests using Java 21.0.10 with PID 2768 (started by rlaal in C:\Users\rlaal\Downloads\todo-server\todo-server)
2026-03-10T10:44:23.795+09:00  INFO 2768 --- [todo-server] [    Test worker] c.e.t.TodoServerApplicationTests         : No active profile set, falling back to 1 default profile: "default"
2026-03-10T10:44:24.508+09:00  INFO 2768 --- [todo-server] [    Test worker] .s.d.r.c.RepositoryConfigurationDelegate : Bootstrapping Spring Data JPA repositories in DEFAULT mode.
2026-03-10T10:44:24.590+09:00  INFO 2768 --- [todo-server] [    Test worker] .s.d.r.c.RepositoryConfigurationDelegate : Finished Spring Data repository scanning in 69 ms. Found 1 JPA repository interface.
2026-03-10T10:44:25.107+09:00  INFO 2768 --- [todo-server] [    Test worker] org.hibernate.orm.jpa                    : HHH008540: Processing PersistenceUnitInfo [name: default]
2026-03-10T10:44:25.194+09:00  INFO 2768 --- [todo-server] [    Test worker] org.hibernate.orm.core                   : HHH000001: Hibernate ORM core version 7.2.4.Final
2026-03-10T10:44:25.964+09:00  INFO 2768 --- [todo-server] [    Test worker] o.s.o.j.p.SpringPersistenceUnitInfo      : No LoadTimeWeaver setup: ignoring JPA class transformer
2026-03-10T10:44:26.024+09:00  INFO 2768 --- [todo-server] [    Test worker] com.zaxxer.hikari.HikariDataSource       : HikariPool-1 - Starting...
2026-03-10T10:44:26.289+09:00  INFO 2768 --- [todo-server] [    Test worker] com.zaxxer.hikari.pool.HikariPool        : HikariPool-1 - Added connection conn0: url=jdbc:h2:mem:testdb user=SA
2026-03-10T10:44:26.295+09:00  INFO 2768 --- [todo-server] [    Test worker] com.zaxxer.hikari.HikariDataSource       : HikariPool-1 - Start completed.
2026-03-10T10:44:26.416+09:00  INFO 2768 --- [todo-server] [    Test worker] org.hibernate.orm.connections.pooling    : HHH10001005: Database info:
	Database JDBC URL [jdbc:h2:mem:testdb]
	Database driver: H2 JDBC Driver
	Database dialect: H2Dialect
	Database version: 2.4.240
	Default catalog/schema: TESTDB/PUBLIC
	Autocommit mode: undefined/unknown
	Isolation level: READ_COMMITTED [default READ_COMMITTED]
	JDBC fetch size: 100
	Pool: DataSourceConnectionProvider
	Minimum pool size: undefined/unknown
	Maximum pool size: undefined/unknown
2026-03-10T10:44:27.576+09:00  INFO 2768 --- [todo-server] [    Test worker] org.hibernate.orm.core                   : HHH000489: No JTA platform available (set 'hibernate.transaction.jta.platform' to enable JTA platform integration)
2026-03-10T10:44:27.641+09:00  INFO 2768 --- [todo-server] [    Test worker] j.LocalContainerEntityManagerFactoryBean : Initialized JPA EntityManagerFactory for persistence unit 'default'
2026-03-10T10:44:27.746+09:00  INFO 2768 --- [todo-server] [    Test worker] o.s.d.j.r.query.QueryEnhancerFactories   : Hibernate is in classpath; If applicable, HQL parser will be used.
2026-03-10T10:44:27.963+09:00  WARN 2768 --- [todo-server] [    Test worker] JpaBaseConfiguration$JpaWebConfiguration : spring.jpa.open-in-view is enabled by default. Therefore, database queries may be performed during view rendering. Explicitly configure spring.jpa.open-in-view to disable this warning
2026-03-10T10:44:27.992+09:00  INFO 2768 --- [todo-server] [    Test worker] o.s.b.w.a.WelcomePageHandlerMapping      : Adding welcome page: class path resource [static/index.html]
2026-03-10T10:44:28.404+09:00  INFO 2768 --- [todo-server] [    Test worker] o.s.b.h.a.H2ConsoleAutoConfiguration     : H2 console available at '/h2-console'. Database available at 'jdbc:h2:mem:testdb'
2026-03-10T10:44:28.529+09:00  INFO 2768 --- [todo-server] [    Test worker] c.e.t.TodoServerApplicationTests         : Started TodoServerApplicationTests in 5.018 seconds (process running for 7.224)
]]></system-out>
  <system-err><![CDATA[Mockito is currently self-attaching to enable the inline-mock-maker. This will no longer work in future releases of the JDK. Please add Mockito as an agent to your build as described in Mockito's documentation: https://javadoc.io/doc/org.mockito/mockito-core/latest/org.mockito/org/mockito/Mockito.html#0.3
WARNING: A Java agent has been loaded dynamically (C:\Users\rlaal\.gradle\caches\modules-2\files-2.1\net.bytebuddy\byte-buddy-agent\1.17.8\f09415827a71be7ed621c7bd02550678f28bc81c\byte-buddy-agent-1.17.8.jar)
WARNING: If a serviceability tool is in use, please run with -XX:+EnableDynamicAgentLoading to hide this warning
WARNING: If a serviceability tool is not in use, please run with -Djdk.instrument.traceUsage for more information
WARNING: Dynamic loading of agents will be disallowed by default in a future release
]]></system-err>
</testsuite>
